{"/Users/dhruvchoudhary/Zycus/app/models/customer.js":{"path":"/Users/dhruvchoudhary/Zycus/app/models/customer.js","s":{"1":1,"2":1,"3":1,"4":1,"5":3,"6":3,"7":1,"8":3,"9":1},"b":{"1":[1,2]},"f":{},"fnMap":{},"statementMap":{"1":{"start":{"line":1,"column":0},"end":{"line":1,"column":35}},"2":{"start":{"line":2,"column":0},"end":{"line":2,"column":29}},"3":{"start":{"line":5,"column":0},"end":{"line":16,"column":2}},"4":{"start":{"line":19,"column":0},"end":{"line":25,"column":3}},"5":{"start":{"line":20,"column":2},"end":{"line":20,"column":19}},"6":{"start":{"line":21,"column":2},"end":{"line":23,"column":3}},"7":{"start":{"line":22,"column":4},"end":{"line":22,"column":25}},"8":{"start":{"line":24,"column":2},"end":{"line":24,"column":9}},"9":{"start":{"line":28,"column":0},"end":{"line":28,"column":60}}},"branchMap":{"1":{"line":21,"type":"if","locations":[{"start":{"line":21,"column":2},"end":{"line":21,"column":2}},{"start":{"line":21,"column":2},"end":{"line":21,"column":2}}]}}},"/Users/dhruvchoudhary/Zycus/app/routes/customer.js":{"path":"/Users/dhruvchoudhary/Zycus/app/routes/customer.js","s":{"1":1,"2":1,"3":1,"4":1,"5":1,"6":1,"7":0,"8":1,"9":1,"10":2,"11":2,"12":2,"13":1,"14":1,"15":1,"16":2,"17":2,"18":1,"19":2,"20":1},"b":{"1":[0,1],"2":[1,1],"3":[1,1]},"f":{"1":1,"2":2,"3":2},"fnMap":{"1":{"name":"getcustomers","line":7,"loc":{"start":{"line":7,"column":0},"end":{"line":7,"column":32}}},"2":{"name":"postcustomer","line":20,"loc":{"start":{"line":20,"column":0},"end":{"line":20,"column":32}}},"3":{"name":"getcustomer","line":39,"loc":{"start":{"line":39,"column":0},"end":{"line":39,"column":31}}}},"statementMap":{"1":{"start":{"line":1,"column":0},"end":{"line":1,"column":35}},"2":{"start":{"line":2,"column":0},"end":{"line":2,"column":45}},"3":{"start":{"line":7,"column":0},"end":{"line":15,"column":1}},"4":{"start":{"line":9,"column":1},"end":{"line":9,"column":31}},"5":{"start":{"line":10,"column":1},"end":{"line":14,"column":4}},"6":{"start":{"line":11,"column":2},"end":{"line":11,"column":24}},"7":{"start":{"line":11,"column":10},"end":{"line":11,"column":24}},"8":{"start":{"line":13,"column":2},"end":{"line":13,"column":22}},"9":{"start":{"line":20,"column":0},"end":{"line":34,"column":1}},"10":{"start":{"line":22,"column":1},"end":{"line":22,"column":42}},"11":{"start":{"line":24,"column":1},"end":{"line":32,"column":4}},"12":{"start":{"line":26,"column":2},"end":{"line":31,"column":3}},"13":{"start":{"line":27,"column":3},"end":{"line":27,"column":17}},"14":{"start":{"line":30,"column":3},"end":{"line":30,"column":66}},"15":{"start":{"line":39,"column":0},"end":{"line":45,"column":1}},"16":{"start":{"line":40,"column":1},"end":{"line":44,"column":4}},"17":{"start":{"line":41,"column":2},"end":{"line":41,"column":24}},"18":{"start":{"line":41,"column":10},"end":{"line":41,"column":24}},"19":{"start":{"line":43,"column":2},"end":{"line":43,"column":21}},"20":{"start":{"line":49,"column":0},"end":{"line":49,"column":61}}},"branchMap":{"1":{"line":11,"type":"if","locations":[{"start":{"line":11,"column":2},"end":{"line":11,"column":2}},{"start":{"line":11,"column":2},"end":{"line":11,"column":2}}]},"2":{"line":26,"type":"if","locations":[{"start":{"line":26,"column":2},"end":{"line":26,"column":2}},{"start":{"line":26,"column":2},"end":{"line":26,"column":2}}]},"3":{"line":41,"type":"if","locations":[{"start":{"line":41,"column":2},"end":{"line":41,"column":2}},{"start":{"line":41,"column":2},"end":{"line":41,"column":2}}]}}}}