TN:
SF:/Users/dhruvchoudhary/Zycus/app/models/customer.js
FNF:0
FNH:0
DA:1,1
DA:2,1
DA:5,1
DA:19,1
DA:20,3
DA:21,3
DA:22,1
DA:24,3
DA:28,1
LF:9
LH:9
BRDA:21,1,0,1
BRDA:21,1,1,2
BRF:2
BRH:2
end_of_record
TN:
SF:/Users/dhruvchoudhary/Zycus/app/routes/customer.js
FN:7,getcustomers
FN:20,postcustomer
FN:39,getcustomer
FNF:3
FNH:3
FNDA:1,getcustomers
FNDA:2,postcustomer
FNDA:2,getcustomer
DA:1,1
DA:2,1
DA:7,1
DA:9,1
DA:10,1
DA:11,1
DA:13,1
DA:20,1
DA:22,2
DA:24,2
DA:26,2
DA:27,1
DA:30,1
DA:39,1
DA:40,2
DA:41,2
DA:43,2
DA:49,1
LF:18
LH:18
BRDA:11,1,0,0
BRDA:11,1,1,1
BRDA:26,2,0,1
BRDA:26,2,1,1
BRDA:41,3,0,1
BRDA:41,3,1,1
BRF:6
BRH:5
end_of_record
